<?xml version="1.0" encoding="UTF-8"?>
<!-- Generated by org.testng.reporters.JUnitReportReporter -->
<testsuite hostname="LX-BLR-LT-002" failures="0" tests="1" name="LinkCxoAndroidAppFramework.LinkCxoAndroidAppFramework.BaseTest" time="8.117" errors="0" timestamp="2024-03-01T12:43:46 IST" skipped="0">
  <testcase classname="LinkCxoAndroidAppFramework.LinkCxoAndroidAppFramework.BaseTest" name="linkcxo" time="8.117"/>
  <system-out/>
</testsuite> <!-- LinkCxoAndroidAppFramework.LinkCxoAndroidAppFramework.BaseTest -->
