<?xml version="1.0" encoding="UTF-8"?>
<!-- Generated by org.testng.reporters.JUnitReportReporter -->
<testsuite hostname="LX-BLR-LT-002" failures="0" tests="1" name="com.linkcxo.testcases.BaseTest" time="0.000" errors="0" timestamp="2024-02-29T18:44:48 IST" skipped="1">
  <testcase classname="com.linkcxo.testcases.BaseTest" name="linkcxo" time="0.000">
    <skipped/>
  </testcase> <!-- linkcxo -->
  <system-out/>
</testsuite> <!-- com.linkcxo.testcases.BaseTest -->
